android/build/intermediates/manifest_merge_blame_file/myketDebug/processMyketDebugManifest/manifest-merger-blame-myket-debug-report.txt
1<?xml version="1.0" encoding="utf-8"?>
2<manifest xmlns:android="http://schemas.android.com/apk/res/android"
3    package="ir.salarizadi.plugins.myket" >
4
5    <uses-sdk android:minSdkVersion="26" />
6
7    <uses-permission android:name="ir.mservices.market.BILLING" />
7-->src\main\AndroidManifest.xml:2:5-67
7-->src\main\AndroidManifest.xml:2:22-64
8
9    <queries>
9-->src\main\AndroidManifest.xml:3:5-8:15
10        <package android:name="ir.mservices.market" />
10-->src\main\AndroidManifest.xml:4:9-55
10-->src\main\AndroidManifest.xml:4:18-52
11
12        <intent>
12-->src\main\AndroidManifest.xml:5:9-7:18
13            <action android:name="ir.mservices.market.InAppBillingService.BIND" />
13-->src\main\AndroidManifest.xml:6:13-83
13-->src\main\AndroidManifest.xml:6:21-80
14        </intent>
15    </queries>
16
17</manifest>